
Welcome to the stack program.

Enter option: Stack: 

Enter option: 

Enter option: Stack: 

Enter option: 

Enter option: What number? Stack: 1 

Enter option: 

Enter option: What number? Stack: 1 2 

Enter option: 

Enter option: What number? Stack: 1 2 3 

Enter option: 

Enter option: What number? Stack: 1 2 3 4 

Enter option: 

Enter option: What number? Stack: 1 2 3 4 5 

Enter option: 

Enter option: What number? Stack: 1 2 3 4 5 6 

Enter option: 

Enter option: What number? Stack: 1 2 3 4 5 6 7 

Enter option: 

Enter option: What number? Stack: 1 2 3 4 5 6 7 8 

Enter option: 

Enter option: What number? Stack: 1 2 3 4 5 6 7 8 9 

Enter option: 

Enter option: What number? Stack: 1 2 3 4 5 6 7 8 9 a 

Enter option: 

Enter option: What number? Stack: 1 2 3 4 5 6 7 8 9 a b 

Enter option: 

Enter option: What number? Overflow!!!Stack: 1 2 3 4 5 6 7 8 9 a b 

Enter option: 

Enter option: Stack: 1 2 3 4 5 6 7 8 9 10 11 

Enter option: 

Enter option: Stack: 1 2 3 4 5 6 7 8 9 a b 

Enter option: 

Enter option: Underflow!!!

Enter option: 

Enter option: Underflow!!!

Enter option: 

Enter option: Underflow!!!

Enter option: 

Enter option: Underflow!!!

Enter option: 

Enter option: Underflow!!!

Enter option: 

Enter option: Underflow!!!

Enter option: 

Enter option: Underflow!!!

Enter option: 

Enter option: Underflow!!!

Enter option: 

Enter option: Underflow!!!

Enter option: 

Enter option: Underflow!!!

Enter option: 

Enter option: Underflow!!!

Enter option: 

Enter option: Underflow!!!

Enter option: 

Enter option: Stack: 1 2 3 4 5 6 7 8 9 a b 

Enter option: 

Enter option: Stack: 1 2 3 4 5 6 7 8 9 10 11 

Enter option: 

Enter option: Goodbye!
